<?xml version="1.0" encoding="UTF-8"?>
<testsuite xmlns:xsi="http://www.w3.org/2001/XMLSchema-instance" xsi:noNamespaceSchemaLocation="https://maven.apache.org/surefire/maven-surefire-plugin/xsd/surefire-test-report-3.0.xsd" version="3.0" name="itmasters.project.stem.StemApplicationTests" time="3.337" tests="1" errors="0" skipped="0" failures="0">
  <properties>
[...]
</properties>
  <testcase name="contextLoads" classname="itmasters.project.stem.StemApplicationTests" time="0.311">
    <system-out><![CDATA[14:50:10.284 [main] INFO org.springframework.test.context.support.AnnotationConfigContextLoaderUtils -- Could not detect default configuration classes for test class [itmasters.project.stem.StemApplicationTests]: StemApplicationTests does not declare any static, non-private, non-final, nested classes annotated with @Configuration.
14:50:10.337 [main] INFO org.springframework.boot.test.context.SpringBootTestContextBootstrapper -- Found @SpringBootConfiguration itmasters.project.stem.StemApplication for test class itmasters.project.stem.StemApplicationTests

  .   ____          _            __ _ _
 /\\ / ___'_ __ _ _(_)_ __  __ _ \ \ \ \
( ( )\___ | '_ | '_| | '_ \/ _` | \ \ \ \
 \\/  ___)| |_)| | | | | || (_| |  ) ) ) )
  '  |____| .__|_| |_|_| |_\__, | / / / /
 =========|_|==============|___/=/_/_/_/
 :: Spring Boot ::                (v3.1.0)

2023-07-04T14:50:10.512+05:00  WARN 24019 --- [           main] ory$DuplicateJsonObjectContextCustomizer : 

Found multiple occurrences of org.json.JSONObject on the class path:

	jar:file:/Users/nodir/.m2/repository/com/vaadin/external/google/android-json/0.0.20131108.vaadin1/android-json-0.0.20131108.vaadin1.jar!/org/json/JSONObject.class
	jar:file:/Users/nodir/.m2/repository/org/json/json/20230227/json-20230227.jar!/org/json/JSONObject.class

You may wish to exclude one of them to ensure predictable runtime behavior

2023-07-04T14:50:10.530+05:00  INFO 24019 --- [           main] i.project.stem.StemApplicationTests      : Starting StemApplicationTests using Java 19.0.2 with PID 24019 (started by nodir in /Users/nodir/IdeaProjects/Stem)
2023-07-04T14:50:10.531+05:00  INFO 24019 --- [           main] i.project.stem.StemApplicationTests      : No active profile set, falling back to 1 default profile: "default"
2023-07-04T14:50:10.871+05:00  INFO 24019 --- [           main] .s.d.r.c.RepositoryConfigurationDelegate : Bootstrapping Spring Data JPA repositories in DEFAULT mode.
2023-07-04T14:50:10.958+05:00  INFO 24019 --- [           main] .s.d.r.c.RepositoryConfigurationDelegate : Finished Spring Data repository scanning in 80 ms. Found 13 JPA repository interfaces.
2023-07-04T14:50:11.212+05:00  INFO 24019 --- [           main] o.hibernate.jpa.internal.util.LogHelper  : HHH000204: Processing PersistenceUnitInfo [name: default]
2023-07-04T14:50:11.241+05:00  INFO 24019 --- [           main] org.hibernate.Version                    : HHH000412: Hibernate ORM core version 6.2.2.Final
2023-07-04T14:50:11.242+05:00  INFO 24019 --- [           main] org.hibernate.cfg.Environment            : HHH000406: Using bytecode reflection optimizer
2023-07-04T14:50:11.309+05:00  INFO 24019 --- [           main] o.h.b.i.BytecodeProviderInitiator        : HHH000021: Bytecode provider name : bytebuddy
2023-07-04T14:50:11.377+05:00  INFO 24019 --- [           main] o.s.o.j.p.SpringPersistenceUnitInfo      : No LoadTimeWeaver setup: ignoring JPA class transformer
2023-07-04T14:50:11.386+05:00  INFO 24019 --- [           main] com.zaxxer.hikari.HikariDataSource       : HikariPool-1 - Starting...
2023-07-04T14:50:11.447+05:00  INFO 24019 --- [           main] com.zaxxer.hikari.pool.HikariPool        : HikariPool-1 - Added connection org.postgresql.jdbc.PgConnection@2ba9f986
2023-07-04T14:50:11.448+05:00  INFO 24019 --- [           main] com.zaxxer.hikari.HikariDataSource       : HikariPool-1 - Start completed.
2023-07-04T14:50:11.474+05:00  INFO 24019 --- [           main] org.hibernate.orm.dialect                : HHH035001: Using dialect: org.hibernate.dialect.PostgreSQLDialect, version: org.hibernate.engine.jdbc.env.internal.JdbcEnvironmentInitiator$DialectResolutionInfoImpl@5cc3e49b
2023-07-04T14:50:11.633+05:00  INFO 24019 --- [           main] o.h.b.i.BytecodeProviderInitiator        : HHH000021: Bytecode provider name : bytebuddy
2023-07-04T14:50:12.070+05:00  INFO 24019 --- [           main] o.h.e.t.j.p.i.JtaPlatformInitiator       : HHH000490: Using JtaPlatform implementation: [org.hibernate.engine.transaction.jta.platform.internal.NoJtaPlatform]
Hibernate: alter table if exists picture_attachment alter column bytes set data type bytea
Hibernate: alter table if exists subject alter column price set data type float(53)
Hibernate: alter table if exists subject_attachment_content alter column bytes set data type bytea
Hibernate: alter table if exists three_d_graphics_attachment alter column bytes set data type bytea
2023-07-04T14:50:12.232+05:00  INFO 24019 --- [           main] j.LocalContainerEntityManagerFactoryBean : Initialized JPA EntityManagerFactory for persistence unit 'default'
2023-07-04T14:50:12.368+05:00  INFO 24019 --- [           main] o.s.d.j.r.query.QueryEnhancerFactory     : Hibernate is in classpath; If applicable, HQL parser will be used.
2023-07-04T14:50:12.936+05:00  WARN 24019 --- [           main] JpaBaseConfiguration$JpaWebConfiguration : spring.jpa.open-in-view is enabled by default. Therefore, database queries may be performed during view rendering. Explicitly configure spring.jpa.open-in-view to disable this warning
2023-07-04T14:50:13.063+05:00  INFO 24019 --- [           main] o.s.s.web.DefaultSecurityFilterChain     : Will secure any request with [org.springframework.security.web.session.DisableEncodeUrlFilter@1caff0db, org.springframework.security.web.context.request.async.WebAsyncManagerIntegrationFilter@65899694, org.springframework.security.web.context.SecurityContextHolderFilter@17cea679, org.springframework.security.web.header.HeaderWriterFilter@17f43f4a, org.springframework.security.web.authentication.logout.LogoutFilter@73daf6a6, itmasters.project.stem.security.config.JwtAuthenticationFilter@766534b0, org.springframework.security.web.savedrequest.RequestCacheAwareFilter@1a0c384d, org.springframework.security.web.servletapi.SecurityContextHolderAwareRequestFilter@59f0ef6e, org.springframework.security.web.authentication.AnonymousAuthenticationFilter@453d2a55, org.springframework.security.web.session.SessionManagementFilter@64dd94ed, org.springframework.security.web.access.ExceptionTranslationFilter@6225c800, org.springframework.security.web.access.intercept.AuthorizationFilter@1c0cba60]
2023-07-04T14:50:13.219+05:00  INFO 24019 --- [           main] i.project.stem.StemApplicationTests      : Started StemApplicationTests in 2.816 seconds (process running for 3.259)
]]></system-out>
  </testcase>
</testsuite>